<?xml version="1.0" encoding="UTF-8"?>
<!-- Generated by org.testng.reporters.JUnitReportReporter -->
<testsuite skipped="0" hostname="BLRL75246" name="com.homeasignment.test.BasicBookingTest1" tests="1" failures="0" timestamp="2020-10-13T11:46:04 IST" time="106.085" errors="0">
  <testcase name="scenario" time="106.085" classname="com.homeasignment.test.BasicBookingTest1"/>
  <system-out/>
</testsuite> <!-- com.homeasignment.test.BasicBookingTest1 -->
